{"/home/lenny/Escritorio/Proyecto/MediLog/Servidor/Middlewares/isAuthUser.js": {"path":"/home/lenny/Escritorio/Proyecto/MediLog/Servidor/Middlewares/isAuthUser.js","statementMap":{"0":{"start":{"line":1,"column":19},"end":{"line":10,"column":1}},"1":{"start":{"line":3,"column":22},"end":{"line":3,"column":35}},"2":{"start":{"line":5,"column":4},"end":{"line":7,"column":5}},"3":{"start":{"line":6,"column":8},"end":{"line":6,"column":15}},"4":{"start":{"line":9,"column":4},"end":{"line":9,"column":91}},"5":{"start":{"line":12,"column":0},"end":{"line":12,"column":28}}},"fnMap":{"0":{"name":"(anonymous_0)","decl":{"start":{"line":1,"column":19},"end":{"line":1,"column":20}},"loc":{"start":{"line":1,"column":39},"end":{"line":10,"column":1}},"line":1}},"branchMap":{"0":{"loc":{"start":{"line":5,"column":4},"end":{"line":7,"column":5}},"type":"if","locations":[{"start":{"line":5,"column":4},"end":{"line":7,"column":5}},{"start":{},"end":{}}],"line":5}},"s":{"0":1,"1":2,"2":2,"3":1,"4":2,"5":1},"f":{"0":2},"b":{"0":[1,1]},"_coverageSchema":"1a1c01bbd47fc00a2c39e90264f33305004495a9","hash":"970c45d381fdfa72404aa4d051bcf75402b2b3a4"}
,"/home/lenny/Escritorio/Proyecto/MediLog/Servidor/Middlewares/isLoggedIn.js": {"path":"/home/lenny/Escritorio/Proyecto/MediLog/Servidor/Middlewares/isLoggedIn.js","statementMap":{"0":{"start":{"line":1,"column":19},"end":{"line":10,"column":1}},"1":{"start":{"line":3,"column":22},"end":{"line":3,"column":35}},"2":{"start":{"line":5,"column":4},"end":{"line":7,"column":5}},"3":{"start":{"line":6,"column":8},"end":{"line":6,"column":15}},"4":{"start":{"line":9,"column":4},"end":{"line":9,"column":85}},"5":{"start":{"line":12,"column":0},"end":{"line":12,"column":28}}},"fnMap":{"0":{"name":"(anonymous_0)","decl":{"start":{"line":1,"column":19},"end":{"line":1,"column":20}},"loc":{"start":{"line":1,"column":39},"end":{"line":10,"column":1}},"line":1}},"branchMap":{"0":{"loc":{"start":{"line":5,"column":4},"end":{"line":7,"column":5}},"type":"if","locations":[{"start":{"line":5,"column":4},"end":{"line":7,"column":5}},{"start":{},"end":{}}],"line":5}},"s":{"0":1,"1":2,"2":2,"3":1,"4":2,"5":1},"f":{"0":2},"b":{"0":[1,1]},"_coverageSchema":"1a1c01bbd47fc00a2c39e90264f33305004495a9","hash":"fdfb5ed60bfd80befbea2f1bca375ab37878d4eb"}
,"/home/lenny/Escritorio/Proyecto/MediLog/Servidor/__test__/Routes/__test__route.js": {"path":"/home/lenny/Escritorio/Proyecto/MediLog/Servidor/__test__/Routes/__test__route.js","statementMap":{"0":{"start":{"line":1,"column":16},"end":{"line":1,"column":34}},"1":{"start":{"line":2,"column":42},"end":{"line":2,"column":70}},"2":{"start":{"line":3,"column":12},"end":{"line":3,"column":21}},"3":{"start":{"line":5,"column":0},"end":{"line":7,"column":1}},"4":{"start":{"line":6,"column":4},"end":{"line":6,"column":31}},"5":{"start":{"line":10,"column":4},"end":{"line":10,"column":48}},"6":{"start":{"line":11,"column":4},"end":{"line":11,"column":19}},"7":{"start":{"line":14,"column":13},"end":{"line":14,"column":28}},"8":{"start":{"line":15,"column":13},"end":{"line":15,"column":17}},"9":{"start":{"line":16,"column":0},"end":{"line":16,"column":51}},"10":{"start":{"line":18,"column":0},"end":{"line":18,"column":48}},"11":{"start":{"line":19,"column":0},"end":{"line":19,"column":24}},"12":{"start":{"line":21,"column":22},"end":{"line":23,"column":1}},"13":{"start":{"line":25,"column":0},"end":{"line":47,"column":3}},"14":{"start":{"line":26,"column":15},"end":{"line":26,"column":28}},"15":{"start":{"line":27,"column":22},"end":{"line":27,"column":43}},"16":{"start":{"line":29,"column":4},"end":{"line":46,"column":5}},"17":{"start":{"line":31,"column":24},"end":{"line":40,"column":9}},"18":{"start":{"line":42,"column":8},"end":{"line":42,"column":45}},"19":{"start":{"line":44,"column":26},"end":{"line":44,"column":49}},"20":{"start":{"line":45,"column":8},"end":{"line":45,"column":113}},"21":{"start":{"line":49,"column":0},"end":{"line":51,"column":3}},"22":{"start":{"line":50,"column":4},"end":{"line":50,"column":74}},"23":{"start":{"line":53,"column":0},"end":{"line":63,"column":3}},"24":{"start":{"line":54,"column":15},"end":{"line":54,"column":28}},"25":{"start":{"line":55,"column":22},"end":{"line":55,"column":43}},"26":{"start":{"line":57,"column":4},"end":{"line":62,"column":5}},"27":{"start":{"line":58,"column":8},"end":{"line":58,"column":104}},"28":{"start":{"line":60,"column":26},"end":{"line":60,"column":49}},"29":{"start":{"line":61,"column":8},"end":{"line":61,"column":113}},"30":{"start":{"line":65,"column":0},"end":{"line":75,"column":3}},"31":{"start":{"line":66,"column":15},"end":{"line":66,"column":28}},"32":{"start":{"line":67,"column":22},"end":{"line":67,"column":43}},"33":{"start":{"line":69,"column":4},"end":{"line":74,"column":5}},"34":{"start":{"line":70,"column":8},"end":{"line":70,"column":107}},"35":{"start":{"line":72,"column":26},"end":{"line":72,"column":49}},"36":{"start":{"line":73,"column":8},"end":{"line":73,"column":113}},"37":{"start":{"line":78,"column":13},"end":{"line":80,"column":2}},"38":{"start":{"line":82,"column":0},"end":{"line":82,"column":36}}},"fnMap":{"0":{"name":"closeServer","decl":{"start":{"line":9,"column":9},"end":{"line":9,"column":20}},"loc":{"start":{"line":9,"column":23},"end":{"line":12,"column":1}},"line":9},"1":{"name":"(anonymous_1)","decl":{"start":{"line":25,"column":45},"end":{"line":25,"column":46}},"loc":{"start":{"line":25,"column":65},"end":{"line":47,"column":1}},"line":25},"2":{"name":"(anonymous_2)","decl":{"start":{"line":49,"column":27},"end":{"line":49,"column":28}},"loc":{"start":{"line":49,"column":47},"end":{"line":51,"column":1}},"line":49},"3":{"name":"(anonymous_3)","decl":{"start":{"line":53,"column":45},"end":{"line":53,"column":46}},"loc":{"start":{"line":53,"column":65},"end":{"line":63,"column":1}},"line":53},"4":{"name":"(anonymous_4)","decl":{"start":{"line":65,"column":48},"end":{"line":65,"column":49}},"loc":{"start":{"line":65,"column":68},"end":{"line":75,"column":1}},"line":65},"5":{"name":"(anonymous_5)","decl":{"start":{"line":78,"column":30},"end":{"line":78,"column":31}},"loc":{"start":{"line":78,"column":36},"end":{"line":80,"column":1}},"line":78}},"branchMap":{"0":{"loc":{"start":{"line":5,"column":0},"end":{"line":7,"column":1}},"type":"if","locations":[{"start":{"line":5,"column":0},"end":{"line":7,"column":1}},{"start":{},"end":{}}],"line":5},"1":{"loc":{"start":{"line":29,"column":4},"end":{"line":46,"column":5}},"type":"if","locations":[{"start":{"line":29,"column":4},"end":{"line":46,"column":5}},{"start":{"line":43,"column":11},"end":{"line":46,"column":5}}],"line":29},"2":{"loc":{"start":{"line":57,"column":4},"end":{"line":62,"column":5}},"type":"if","locations":[{"start":{"line":57,"column":4},"end":{"line":62,"column":5}},{"start":{"line":59,"column":11},"end":{"line":62,"column":5}}],"line":57},"3":{"loc":{"start":{"line":69,"column":4},"end":{"line":74,"column":5}},"type":"if","locations":[{"start":{"line":69,"column":4},"end":{"line":74,"column":5}},{"start":{"line":71,"column":11},"end":{"line":74,"column":5}}],"line":69}},"s":{"0":8,"1":8,"2":8,"3":8,"4":8,"5":8,"6":8,"7":8,"8":8,"9":8,"10":8,"11":8,"12":8,"13":8,"14":0,"15":0,"16":0,"17":0,"18":0,"19":0,"20":0,"21":8,"22":0,"23":8,"24":0,"25":0,"26":0,"27":0,"28":0,"29":0,"30":8,"31":0,"32":0,"33":0,"34":0,"35":0,"36":0,"37":8,"38":8},"f":{"0":8,"1":0,"2":0,"3":0,"4":0,"5":8},"b":{"0":[8,0],"1":[0,0],"2":[0,0],"3":[0,0]},"_coverageSchema":"1a1c01bbd47fc00a2c39e90264f33305004495a9","hash":"e63634beb86e76e99d698c4ae7b57f5c4699e291"}
}
